<?xml version="1.0" encoding="UTF-8"?>
<testng-results ignored="0" total="1" passed="1" failed="0" skipped="0">
  <reporter-output>
    <line>
      <![CDATA[Nikitaba]]>
    </line>
  </reporter-output>
  <suite started-at="2023-12-12T14:04:26 IST" name="Default suite" finished-at="2023-12-12T14:04:26 IST" duration-ms="64">
    <groups>
    </groups>
    <test started-at="2023-12-12T14:04:26 IST" name="Default test" finished-at="2023-12-12T14:04:26 IST" duration-ms="64">
      <class name="TestNG.TestcaseTest">
        <test-method signature="test()[pri:0, instance:TestNG.TestcaseTest@161479c6]" started-at="2023-12-12T14:04:26 IST" name="test" finished-at="2023-12-12T14:04:26 IST" duration-ms="12" status="PASS">
          <reporter-output>
            <line>
              <![CDATA[Nikitaba]]>
            </line>
          </reporter-output>
        </test-method> <!-- test -->
      </class> <!-- TestNG.TestcaseTest -->
    </test> <!-- Default test -->
  </suite> <!-- Default suite -->
</testng-results>
