<?xml version="1.0" encoding="UTF-8"?>
<testng-results ignored="0" total="1" passed="1" failed="0" skipped="0">
  <reporter-output>
    <line>
      <![CDATA[Purple got opened]]>
    </line>
  </reporter-output>
  <suite started-at="2024-05-30T10:27:36 IST" name="Default suite" finished-at="2024-05-30T10:27:46 IST" duration-ms="9271">
    <groups>
    </groups>
    <test started-at="2024-05-30T10:27:36 IST" name="Default test" finished-at="2024-05-30T10:27:46 IST" duration-ms="9271">
      <class name="TestNG.ForkTest">
        <test-method signature="Execute()[pri:0, instance:TestNG.ForkTest@7ec7ffd3]" started-at="2024-05-30T10:27:36 IST" name="Execute" finished-at="2024-05-30T10:27:46 IST" duration-ms="9196" status="PASS">
          <reporter-output>
            <line>
              <![CDATA[Purple got opened]]>
            </line>
          </reporter-output>
        </test-method> <!-- Execute -->
      </class> <!-- TestNG.ForkTest -->
    </test> <!-- Default test -->
  </suite> <!-- Default suite -->
</testng-results>
